(---------------------------------------------------------------------)
(                                                                     )
(    Allegro Netrev Import Logic                                      )
(                                                                     )
(    Drawing          : RFSG_PCB.brd                                  )
(    Software Version : 17.2P019                                      )
(    Date/Time        : Wed Jun 20 17:27:04 2018                      )
(                                                                     )
(---------------------------------------------------------------------)


------ Directives ------------

Ripup etch:                  No
Ripup delete first segment:  No
Ripup retain bondwire:       No
Ripup symbols:               Always
Missing symbol has error:    No
DRC update:                  Yes
Schematic directory:         'E:/my jinan doc/BJ reference doc/RFSignalGenerator/allegro'
Design Directory:            '.'
Old design name:             'E:/my jinan doc/BJ reference doc/RFSignalGenerator/RFSGlayout/RFSG_PCB.brd'
New design name:             'E:/my jinan doc/BJ reference doc/RFSignalGenerator/RFSGlayout/RFSG_PCB.brd'

CmdLine: netrev -$ -i E:/my jinan doc/BJ reference doc/RFSignalGenerator/allegro -y 1 -q netrev_constraint_report.xml E:/my jinan doc/BJ reference doc/RFSignalGenerator/RFSGlayout/#Taaaabf06640.tmp

------ Preparing to read pst files ------

Starting to read E:/my jinan doc/BJ reference doc/RFSignalGenerator/allegro/pstchip.dat 
   Finished reading E:/my jinan doc/BJ reference doc/RFSignalGenerator/allegro/pstchip.dat (00:00:00.02)
Starting to read E:/my jinan doc/BJ reference doc/RFSignalGenerator/allegro/pstxprt.dat 
   Finished reading E:/my jinan doc/BJ reference doc/RFSignalGenerator/allegro/pstxprt.dat (00:00:00.00)
Starting to read E:/my jinan doc/BJ reference doc/RFSignalGenerator/allegro/pstxnet.dat 
   Finished reading E:/my jinan doc/BJ reference doc/RFSignalGenerator/allegro/pstxnet.dat (00:00:00.00)

------ Oversights/Warnings/Errors ------


------ Library Paths ------
MODULEPATH =  . 
           C:/Cadence/Cadence/Cadence_SPB_17.2-2016/share/local/pcb/modules 

PSMPATH =  . 
           symbols 
           .. 
           ../symbols 
           C:/Cadence/Cadence/Cadence_SPB_17.2-2016/share/local/pcb/symbols 
           C:/Cadence/Cadence/Cadence_SPB_17.2-2016/share/pcb/pcb_lib/symbols 
           C:/Cadence/Cadence/Cadence_SPB_17.2-2016/share/pcb/allegrolib/symbols 
           E:/my jinan doc/BJ reference doc/CadLib/ 

PADPATH =  . 
           symbols 
           .. 
           ../symbols 
           C:/Cadence/Cadence/Cadence_SPB_17.2-2016/share/local/pcb/padstacks 
           C:/Cadence/Cadence/Cadence_SPB_17.2-2016/share/pcb/pcb_lib/symbols 
           C:/Cadence/Cadence/Cadence_SPB_17.2-2016/share/pcb/allegrolib/symbols 
           E:/my jinan doc/BJ reference doc/CadLib/ 


------ Summary Statistics ------


netrev run on Jun 20 17:27:04 2018
   DESIGN NAME : 'RFSIGNALGENERATOR'
   PACKAGING ON Mar  2 2016 00:37:24

   COMPILE 'logic'
   CHECK_PIN_NAMES OFF
   CROSS_REFERENCE OFF
   FEEDBACK OFF
   INCREMENTAL OFF
   INTERFACE_TYPE PHYSICAL
   MAX_ERRORS 500
   MERGE_MINIMUM 5
   NET_NAME_CHARS '#%&()*+-./:=>?@[]^_`|'
   NET_NAME_LENGTH 24
   OVERSIGHTS ON
   REPLACE_CHECK OFF
   SINGLE_NODE_NETS ON
   SPLIT_MINIMUM 0
   SUPPRESS   20
   WARNINGS ON

 No error detected
 No oversight detected
 No warning detected

cpu time      0:00:23
elapsed time  0:00:00

